<================================================================>
<======================>   CHECKPOINT 1   <======================>
<================================================================>
Assignment:
    MP3
Checkpoint:
    CP1
Authors:
    sagnik3, dhruvs7, arasha3, rct4

<================================================================>
                              BUG 1
<================================================================>
problem:

fix:

resolved by:

commmit (if any):

Time:


<================================================================>
<======================>   CHECKPOINT 2   <======================>
<================================================================>
Assignment:
    MP3
Checkpoint:
    CP2
Authors:
    sagnik3, dhruvs7, arasha3, rct4

<================================================================>
                              BUG 1
<================================================================>
problem:

fix:

resolved by:

commmit (if any):

Time:


<================================================================>
<======================>   CHECKPOINT 3   <======================>
<================================================================>
Assignment:
    MP3
Checkpoint:
    CP3
Authors:
    sagnik3, dhruvs7, arasha3, rct4

<================================================================>
                              BUG 1
<================================================================>
problem:

fix:

resolved by:

commmit (if any):

Time:


<================================================================>
<======================>   CHECKPOINT 4   <======================>
<================================================================>
Assignment:
    MP3
Checkpoint:
    CP4
Authors:
    sagnik3, dhruvs7, arasha3, rct4

<================================================================>
                              BUG 1
<================================================================>
problem:

fix:

resolved by:

commmit (if any):

Time:

<================================================================>
<======================>   CHECKPOINT 5   <======================>
<================================================================>
Assignment:
    MP3
Checkpoint:
    CP4
Authors:
    sagnik3, dhruvs7, arasha3, rct4

<================================================================>
                              BUG 1
<================================================================>
problem:

fix:

resolved by:

commmit (if any):

Time:


<================================================================>
<======================>        END       <======================>
<================================================================>